This is pdfTeX, Version 3.1415926-1.40.10 (MiKTeX 2.8) (preloaded format=pdflatex 2011.3.15)  12 MAY 2011 08:39
entering extended mode
**C:/cygwin/home/Ryan/mcfgcky2_repos/dds/mgcky-swi/tree_display/simple.tex
(C:/cygwin/home/Ryan/mcfgcky2_repos/dds/mgcky-swi/tree_display/simple.tex
LaTeX2e <2009/09/24>
Babel <v3.8l> and hyphenation patterns for english, dumylang, nohyphenation, ge
rman, ngerman, german-x-2009-06-19, ngerman-x-2009-06-19, french, loaded.
("C:\Program Files\MiKTeX 2.8\tex\latex\base\article.cls"
Document Class: article 2007/10/19 v1.4h Standard LaTeX document class
("C:\Program Files\MiKTeX 2.8\tex\latex\base\size10.clo"
File: size10.clo 2007/10/19 v1.4h Standard LaTeX file (size option)
)
\c@part=\count79
\c@section=\count80
\c@subsection=\count81
\c@subsubsection=\count82
\c@paragraph=\count83
\c@subparagraph=\count84
\c@figure=\count85
\c@table=\count86
\abovecaptionskip=\skip41
\belowcaptionskip=\skip42
\bibindent=\dimen102
)
("C:\Documents and Settings\Ryan\Application Data\MiKTeX\2.8\tex\latex\pgf\fron
tendlayer\tikz.sty"
("C:\Documents and Settings\Ryan\Application Data\MiKTeX\2.8\tex\latex\pgf\basi
clayer\pgf.sty"
("C:\Documents and Settings\Ryan\Application Data\MiKTeX\2.8\tex\latex\pgf\util
ities\pgfrcs.sty"
("C:\Documents and Settings\Ryan\Application Data\MiKTeX\2.8\tex\generic\pgf\ut
ilities\pgfutil-common.tex"
\pgfutil@everybye=\toks14
)
("C:\Documents and Settings\Ryan\Application Data\MiKTeX\2.8\tex\generic\pgf\ut
ilities\pgfutil-latex.def"
\pgfutil@abb=\box26

("C:\Documents and Settings\Ryan\Application Data\MiKTeX\2.8\tex\latex\ms\every
shi.sty"
Package: everyshi 2001/05/15 v3.00 EveryShipout Package (MS)
))
("C:\Documents and Settings\Ryan\Application Data\MiKTeX\2.8\tex\generic\pgf\ut
ilities\pgfrcs.code.tex"
Package: pgfrcs 2010/10/25 v2.10 (rcs-revision 1.24)
))
Package: pgf 2008/01/15 v2.10 (rcs-revision 1.12)

("C:\Documents and Settings\Ryan\Application Data\MiKTeX\2.8\tex\latex\pgf\basi
clayer\pgfcore.sty"
("C:\Program Files\MiKTeX 2.8\tex\latex\graphics\graphicx.sty"
Package: graphicx 1999/02/16 v1.0f Enhanced LaTeX Graphics (DPC,SPQR)

("C:\Program Files\MiKTeX 2.8\tex\latex\graphics\keyval.sty"
Package: keyval 1999/03/16 v1.13 key=value parser (DPC)
\KV@toks@=\toks15
)
("C:\Program Files\MiKTeX 2.8\tex\latex\graphics\graphics.sty"
Package: graphics 2009/02/05 v1.0o Standard LaTeX Graphics (DPC,SPQR)

("C:\Program Files\MiKTeX 2.8\tex\latex\graphics\trig.sty"
Package: trig 1999/03/16 v1.09 sin cos tan (DPC)
)
("C:\Program Files\MiKTeX 2.8\tex\latex\00miktex\graphics.cfg"
File: graphics.cfg 2007/01/18 v1.5 graphics configuration of teTeX/TeXLive
)
Package graphics Info: Driver file: pdftex.def on input line 91.

("C:\Program Files\MiKTeX 2.8\tex\latex\pdftex-def\pdftex.def"
File: pdftex.def 2010/02/14 v0.04n Graphics/color for pdfTeX
\Gread@gobject=\count87
))
\Gin@req@height=\dimen103
\Gin@req@width=\dimen104
)
("C:\Documents and Settings\Ryan\Application Data\MiKTeX\2.8\tex\latex\pgf\syst
emlayer\pgfsys.sty"
("C:\Documents and Settings\Ryan\Application Data\MiKTeX\2.8\tex\generic\pgf\sy
stemlayer\pgfsys.code.tex"
Package: pgfsys 2010/06/30 v2.10 (rcs-revision 1.37)

("C:\Documents and Settings\Ryan\Application Data\MiKTeX\2.8\tex\generic\pgf\ut
ilities\pgfkeys.code.tex"
\pgfkeys@pathtoks=\toks16
\pgfkeys@temptoks=\toks17

("C:\Documents and Settings\Ryan\Application Data\MiKTeX\2.8\tex\generic\pgf\ut
ilities\pgfkeysfiltered.code.tex"
\pgfkeys@tmptoks=\toks18
))
\pgf@x=\dimen105
\pgf@y=\dimen106
\pgf@xa=\dimen107
\pgf@ya=\dimen108
\pgf@xb=\dimen109
\pgf@yb=\dimen110
\pgf@xc=\dimen111
\pgf@yc=\dimen112
\w@pgf@writea=\write3
\r@pgf@reada=\read1
\c@pgf@counta=\count88
\c@pgf@countb=\count89
\c@pgf@countc=\count90
\c@pgf@countd=\count91

("C:\Documents and Settings\Ryan\Application Data\MiKTeX\2.8\tex\generic\pgf\sy
stemlayer\pgf.cfg"
File: pgf.cfg 2008/05/14  (rcs-revision 1.7)
)
Package pgfsys Info: Driver file for pgf: pgfsys-pdftex.def on input line 900.

("C:\Documents and Settings\Ryan\Application Data\MiKTeX\2.8\tex\generic\pgf\sy
stemlayer\pgfsys-pdftex.def"
File: pgfsys-pdftex.def 2009/05/22  (rcs-revision 1.26)

("C:\Documents and Settings\Ryan\Application Data\MiKTeX\2.8\tex\generic\pgf\sy
stemlayer\pgfsys-common-pdf.def"
File: pgfsys-common-pdf.def 2008/05/19  (rcs-revision 1.10)
)))
("C:\Documents and Settings\Ryan\Application Data\MiKTeX\2.8\tex\generic\pgf\sy
stemlayer\pgfsyssoftpath.code.tex"
File: pgfsyssoftpath.code.tex 2008/07/18  (rcs-revision 1.7)
\pgfsyssoftpath@smallbuffer@items=\count92
\pgfsyssoftpath@bigbuffer@items=\count93
)
("C:\Documents and Settings\Ryan\Application Data\MiKTeX\2.8\tex\generic\pgf\sy
stemlayer\pgfsysprotocol.code.tex"
File: pgfsysprotocol.code.tex 2006/10/16  (rcs-revision 1.4)
))
("C:\Documents and Settings\Ryan\Application Data\MiKTeX\2.8\tex\latex\xcolor\x
color.sty"
Package: xcolor 2007/01/21 v2.11 LaTeX color extensions (UK)
 ("C:\Program Files\MiKTeX 2.8\tex\latex\00miktex\color.cfg"
File: color.cfg 2007/01/18 v1.5 color configuration of teTeX/TeXLive
)
Package xcolor Info: Driver file: pdftex.def on input line 225.
Package xcolor Info: Model `cmy' substituted by `cmy0' on input line 1337.
Package xcolor Info: Model `hsb' substituted by `rgb' on input line 1341.
Package xcolor Info: Model `RGB' extended on input line 1353.
Package xcolor Info: Model `HTML' substituted by `rgb' on input line 1355.
Package xcolor Info: Model `Hsb' substituted by `hsb' on input line 1356.
Package xcolor Info: Model `tHsb' substituted by `hsb' on input line 1357.
Package xcolor Info: Model `HSB' substituted by `hsb' on input line 1358.
Package xcolor Info: Model `Gray' substituted by `gray' on input line 1359.
Package xcolor Info: Model `wave' substituted by `hsb' on input line 1360.
)
("C:\Documents and Settings\Ryan\Application Data\MiKTeX\2.8\tex\generic\pgf\ba
siclayer\pgfcore.code.tex"
Package: pgfcore 2010/04/11 v2.10 (rcs-revision 1.7)

("C:\Documents and Settings\Ryan\Application Data\MiKTeX\2.8\tex\generic\pgf\ma
th\pgfmath.code.tex"
("C:\Documents and Settings\Ryan\Application Data\MiKTeX\2.8\tex\generic\pgf\ma
th\pgfmathcalc.code.tex"
("C:\Documents and Settings\Ryan\Application Data\MiKTeX\2.8\tex\generic\pgf\ma
th\pgfmathutil.code.tex")
("C:\Documents and Settings\Ryan\Application Data\MiKTeX\2.8\tex\generic\pgf\ma
th\pgfmathparser.code.tex"
\pgfmath@dimen=\dimen113
\pgfmath@count=\count94
\pgfmath@box=\box27
\pgfmath@toks=\toks19
\pgfmath@stack@operand=\toks20
\pgfmath@stack@operation=\toks21
)
("C:\Documents and Settings\Ryan\Application Data\MiKTeX\2.8\tex\generic\pgf\ma
th\pgfmathfunctions.code.tex"
("C:\Documents and Settings\Ryan\Application Data\MiKTeX\2.8\tex\generic\pgf\ma
th\pgfmathfunctions.basic.code.tex")
("C:\Documents and Settings\Ryan\Application Data\MiKTeX\2.8\tex\generic\pgf\ma
th\pgfmathfunctions.trigonometric.code.tex")
("C:\Documents and Settings\Ryan\Application Data\MiKTeX\2.8\tex\generic\pgf\ma
th\pgfmathfunctions.random.code.tex")
("C:\Documents and Settings\Ryan\Application Data\MiKTeX\2.8\tex\generic\pgf\ma
th\pgfmathfunctions.comparison.code.tex")
("C:\Documents and Settings\Ryan\Application Data\MiKTeX\2.8\tex\generic\pgf\ma
th\pgfmathfunctions.base.code.tex")
("C:\Documents and Settings\Ryan\Application Data\MiKTeX\2.8\tex\generic\pgf\ma
th\pgfmathfunctions.round.code.tex")
("C:\Documents and Settings\Ryan\Application Data\MiKTeX\2.8\tex\generic\pgf\ma
th\pgfmathfunctions.misc.code.tex")))
("C:\Documents and Settings\Ryan\Application Data\MiKTeX\2.8\tex\generic\pgf\ma
th\pgfmathfloat.code.tex"
\c@pgfmathroundto@lastzeros=\count95
))
("C:\Documents and Settings\Ryan\Application Data\MiKTeX\2.8\tex\generic\pgf\ba
siclayer\pgfcorepoints.code.tex"
File: pgfcorepoints.code.tex 2010/04/09  (rcs-revision 1.20)
\pgf@picminx=\dimen114
\pgf@picmaxx=\dimen115
\pgf@picminy=\dimen116
\pgf@picmaxy=\dimen117
\pgf@pathminx=\dimen118
\pgf@pathmaxx=\dimen119
\pgf@pathminy=\dimen120
\pgf@pathmaxy=\dimen121
\pgf@xx=\dimen122
\pgf@xy=\dimen123
\pgf@yx=\dimen124
\pgf@yy=\dimen125
\pgf@zx=\dimen126
\pgf@zy=\dimen127
)
("C:\Documents and Settings\Ryan\Application Data\MiKTeX\2.8\tex\generic\pgf\ba
siclayer\pgfcorepathconstruct.code.tex"
File: pgfcorepathconstruct.code.tex 2010/08/03  (rcs-revision 1.24)
\pgf@path@lastx=\dimen128
\pgf@path@lasty=\dimen129
)
("C:\Documents and Settings\Ryan\Application Data\MiKTeX\2.8\tex\generic\pgf\ba
siclayer\pgfcorepathusage.code.tex"
File: pgfcorepathusage.code.tex 2008/04/22  (rcs-revision 1.12)
\pgf@shorten@end@additional=\dimen130
\pgf@shorten@start@additional=\dimen131
)
("C:\Documents and Settings\Ryan\Application Data\MiKTeX\2.8\tex\generic\pgf\ba
siclayer\pgfcorescopes.code.tex"
File: pgfcorescopes.code.tex 2010/09/08  (rcs-revision 1.34)
\pgfpic=\box28
\pgf@hbox=\box29
\pgf@layerbox@main=\box30
\pgf@picture@serial@count=\count96
)
("C:\Documents and Settings\Ryan\Application Data\MiKTeX\2.8\tex\generic\pgf\ba
siclayer\pgfcoregraphicstate.code.tex"
File: pgfcoregraphicstate.code.tex 2008/04/22  (rcs-revision 1.9)
\pgflinewidth=\dimen132
)
("C:\Documents and Settings\Ryan\Application Data\MiKTeX\2.8\tex\generic\pgf\ba
siclayer\pgfcoretransformations.code.tex"
File: pgfcoretransformations.code.tex 2009/06/10  (rcs-revision 1.11)
\pgf@pt@x=\dimen133
\pgf@pt@y=\dimen134
\pgf@pt@temp=\dimen135
)
("C:\Documents and Settings\Ryan\Application Data\MiKTeX\2.8\tex\generic\pgf\ba
siclayer\pgfcorequick.code.tex"
File: pgfcorequick.code.tex 2008/10/09  (rcs-revision 1.3)
)
("C:\Documents and Settings\Ryan\Application Data\MiKTeX\2.8\tex\generic\pgf\ba
siclayer\pgfcoreobjects.code.tex"
File: pgfcoreobjects.code.tex 2006/10/11  (rcs-revision 1.2)
)
("C:\Documents and Settings\Ryan\Application Data\MiKTeX\2.8\tex\generic\pgf\ba
siclayer\pgfcorepathprocessing.code.tex"
File: pgfcorepathprocessing.code.tex 2008/10/09  (rcs-revision 1.8)
)
("C:\Documents and Settings\Ryan\Application Data\MiKTeX\2.8\tex\generic\pgf\ba
siclayer\pgfcorearrows.code.tex"
File: pgfcorearrows.code.tex 2008/04/23  (rcs-revision 1.11)
)
("C:\Documents and Settings\Ryan\Application Data\MiKTeX\2.8\tex\generic\pgf\ba
siclayer\pgfcoreshade.code.tex"
File: pgfcoreshade.code.tex 2008/11/23  (rcs-revision 1.13)
\pgf@max=\dimen136
\pgf@sys@shading@range@num=\count97
)
("C:\Documents and Settings\Ryan\Application Data\MiKTeX\2.8\tex\generic\pgf\ba
siclayer\pgfcoreimage.code.tex"
File: pgfcoreimage.code.tex 2010/03/25  (rcs-revision 1.16)

("C:\Documents and Settings\Ryan\Application Data\MiKTeX\2.8\tex\generic\pgf\ba
siclayer\pgfcoreexternal.code.tex"
File: pgfcoreexternal.code.tex 2010/09/01  (rcs-revision 1.17)
\pgfexternal@startupbox=\box31
))
("C:\Documents and Settings\Ryan\Application Data\MiKTeX\2.8\tex\generic\pgf\ba
siclayer\pgfcorelayers.code.tex"
File: pgfcorelayers.code.tex 2010/08/27  (rcs-revision 1.2)
)
("C:\Documents and Settings\Ryan\Application Data\MiKTeX\2.8\tex\generic\pgf\ba
siclayer\pgfcoretransparency.code.tex"
File: pgfcoretransparency.code.tex 2008/01/17  (rcs-revision 1.2)
)
("C:\Documents and Settings\Ryan\Application Data\MiKTeX\2.8\tex\generic\pgf\ba
siclayer\pgfcorepatterns.code.tex"
File: pgfcorepatterns.code.tex 2009/07/02  (rcs-revision 1.3)
)))
("C:\Documents and Settings\Ryan\Application Data\MiKTeX\2.8\tex\generic\pgf\mo
dules\pgfmoduleshapes.code.tex"
File: pgfmoduleshapes.code.tex 2010/09/09  (rcs-revision 1.13)
\pgfnodeparttextbox=\box32
)
("C:\Documents and Settings\Ryan\Application Data\MiKTeX\2.8\tex\generic\pgf\mo
dules\pgfmoduleplot.code.tex"
File: pgfmoduleplot.code.tex 2010/10/22  (rcs-revision 1.8)
)
("C:\Documents and Settings\Ryan\Application Data\MiKTeX\2.8\tex\latex\pgf\comp
atibility\pgfcomp-version-0-65.sty"
Package: pgfcomp-version-0-65 2007/07/03 v2.10 (rcs-revision 1.7)
\pgf@nodesepstart=\dimen137
\pgf@nodesepend=\dimen138
)
("C:\Documents and Settings\Ryan\Application Data\MiKTeX\2.8\tex\latex\pgf\comp
atibility\pgfcomp-version-1-18.sty"
Package: pgfcomp-version-1-18 2007/07/23 v2.10 (rcs-revision 1.1)
))
("C:\Documents and Settings\Ryan\Application Data\MiKTeX\2.8\tex\latex\pgf\util
ities\pgffor.sty"
("C:\Documents and Settings\Ryan\Application Data\MiKTeX\2.8\tex\latex\pgf\util
ities\pgfkeys.sty"
("C:\Documents and Settings\Ryan\Application Data\MiKTeX\2.8\tex\generic\pgf\ut
ilities\pgfkeys.code.tex"))
("C:\Documents and Settings\Ryan\Application Data\MiKTeX\2.8\tex\generic\pgf\ut
ilities\pgffor.code.tex"
Package: pgffor 2010/03/23 v2.10 (rcs-revision 1.18)
\pgffor@iter=\dimen139
\pgffor@skip=\dimen140
\pgffor@stack=\toks22
\pgffor@toks=\toks23
))
("C:\Documents and Settings\Ryan\Application Data\MiKTeX\2.8\tex\generic\pgf\fr
ontendlayer\tikz\tikz.code.tex"
Package: tikz 2010/10/13 v2.10 (rcs-revision 1.76)

("C:\Documents and Settings\Ryan\Application Data\MiKTeX\2.8\tex\generic\pgf\li
braries\pgflibraryplothandlers.code.tex"
File: pgflibraryplothandlers.code.tex 2010/05/31 v2.10 (rcs-revision 1.15)
\pgf@plot@mark@count=\count98
\pgfplotmarksize=\dimen141
)
\tikz@lastx=\dimen142
\tikz@lasty=\dimen143
\tikz@lastxsaved=\dimen144
\tikz@lastysaved=\dimen145
\tikzleveldistance=\dimen146
\tikzsiblingdistance=\dimen147
\tikz@figbox=\box33
\tikz@tempbox=\box34
\tikztreelevel=\count99
\tikznumberofchildren=\count100
\tikznumberofcurrentchild=\count101
\tikz@fig@count=\count102

("C:\Documents and Settings\Ryan\Application Data\MiKTeX\2.8\tex\generic\pgf\mo
dules\pgfmodulematrix.code.tex"
File: pgfmodulematrix.code.tex 2010/08/24  (rcs-revision 1.4)
\pgfmatrixcurrentrow=\count103
\pgfmatrixcurrentcolumn=\count104
\pgf@matrix@numberofcolumns=\count105
)
\tikz@expandcount=\count106

("C:\Documents and Settings\Ryan\Application Data\MiKTeX\2.8\tex\generic\pgf\fr
ontendlayer\tikz\libraries\tikzlibrarytopaths.code.tex"
File: tikzlibrarytopaths.code.tex 2008/06/17 v2.10 (rcs-revision 1.2)
)))
("C:\Documents and Settings\Ryan\Application Data\MiKTeX\2.8\tex\latex\tikz-qtr
ee\tikz-qtree-compat.sty"
("C:\Documents and Settings\Ryan\Application Data\MiKTeX\2.8\tex\latex\tikz-qtr
ee\tikz-qtree.sty"
("C:\Documents and Settings\Ryan\Application Data\MiKTeX\2.8\tex\latex\tikz-qtr
ee\pgftree.sty"
("C:\Documents and Settings\Ryan\Application Data\MiKTeX\2.8\tex\latex\tikz-qtr
ee\pgfsubpic.sty"
("C:\Documents and Settings\Ryan\Application Data\MiKTeX\2.8\tex\generic\tikz-q
tree\pgfsubpic.tex"
\pgf@subpicminx=\dimen148
\pgf@subpicminy=\dimen149
\pgf@subpicmaxx=\dimen150
\pgf@subpicmaxy=\dimen151
))
("C:\Documents and Settings\Ryan\Application Data\MiKTeX\2.8\tex\generic\tikz-q
tree\pgftree.tex"
\levelsep=\dimen152
\subtreesep=\dimen153
\pgftree@childx=\dimen154
\pgftree@savechildx=\dimen155
\pgftree@childy=\dimen156
\pgftree@savechildy=\dimen157
\pgftree@childi=\count107
\pgftree@savechildi=\count108
\pgf@subpic@hbox@children=\box35
\pgf@subpic@minx@children=\dimen158
\pgf@subpic@miny@children=\dimen159
\pgf@subpic@maxx@children=\dimen160
\pgf@subpic@maxy@children=\dimen161
\pgftree@lastchildx=\dimen162
\pgftree@lastchildy=\dimen163
))
("C:\Documents and Settings\Ryan\Application Data\MiKTeX\2.8\tex\generic\tikz-q
tree\tikz-qtree.tex"
\@result=\toks24
\child@list=\toks25
\root@node=\toks26
))
\@qrooflabel=\toks27
)
("C:\Program Files\MiKTeX 2.8\tex\latex\geometry\geometry.sty"
Package: geometry 2010/07/08 v5.4 Page Geometry

("C:\Program Files\MiKTeX 2.8\tex\generic\oberdiek\ifpdf.sty"
Package: ifpdf 2010/01/28 v2.1 Provides the ifpdf switch (HO)
Package ifpdf Info: pdfTeX in pdf mode detected.
)
("C:\Program Files\MiKTeX 2.8\tex\generic\oberdiek\ifvtex.sty"
Package: ifvtex 2010/03/01 v1.5 Switches for detecting VTeX and its modes (HO)
Package ifvtex Info: VTeX not detected.
)
\Gm@cnth=\count109
\Gm@cntv=\count110
\c@Gm@tempcnt=\count111
\Gm@bindingoffset=\dimen164
\Gm@wd@mp=\dimen165
\Gm@odd@mp=\dimen166
\Gm@even@mp=\dimen167
\Gm@layoutwidth=\dimen168
\Gm@layoutheight=\dimen169
\Gm@layouthoffset=\dimen170
\Gm@layoutvoffset=\dimen171
\Gm@dimlist=\toks28

("C:\Program Files\MiKTeX 2.8\tex\latex\geometry\geometry.cfg"))
(C:\cygwin\home\Ryan\mcfgcky2_repos\dds\mgcky-swi\tree_display\simple.aux)
LaTeX Font Info:    Checking defaults for OML/cmm/m/it on input line 5.
LaTeX Font Info:    ... okay on input line 5.
LaTeX Font Info:    Checking defaults for T1/cmr/m/n on input line 5.
LaTeX Font Info:    ... okay on input line 5.
LaTeX Font Info:    Checking defaults for OT1/cmr/m/n on input line 5.
LaTeX Font Info:    ... okay on input line 5.
LaTeX Font Info:    Checking defaults for OMS/cmsy/m/n on input line 5.
LaTeX Font Info:    ... okay on input line 5.
LaTeX Font Info:    Checking defaults for OMX/cmex/m/n on input line 5.
LaTeX Font Info:    ... okay on input line 5.
LaTeX Font Info:    Checking defaults for U/cmr/m/n on input line 5.
LaTeX Font Info:    ... okay on input line 5.

ABD: EveryShipout initializing macros
("C:\Program Files\MiKTeX 2.8\tex\context\base\supp-pdf.tex"
[Loading MPS to PDF converter (version 2006.09.02).]
\scratchcounter=\count112
\scratchdimen=\dimen172
\scratchbox=\box36
\nofMPsegments=\count113
\nofMParguments=\count114
\everyMPshowfont=\toks29
\MPscratchCnt=\count115
\MPscratchDim=\dimen173
\MPnumerator=\count116
\everyMPtoPDFconversion=\toks30
)
*geometry* driver: auto-detecting
*geometry* detected driver: pdftex
*geometry* verbose mode - [ preamble ] result:
* driver: pdftex
* paper: custom
* layout: <same size as paper>
* layoutoffset:(h,v)=(0.0pt,0.0pt)
* modes: 
* h-part:(L,W,R)=(216.81221pt, 1011.77557pt, 216.81221pt)
* v-part:(T,H,B)=(130.08731pt, 758.83168pt, 195.131pt)
* \paperwidth=1445.4pt
* \paperheight=1084.04999pt
* \textwidth=1011.77557pt
* \textheight=758.83168pt
* \oddsidemargin=144.54222pt
* \evensidemargin=144.54222pt
* \topmargin=20.81732pt
* \headheight=12.0pt
* \headsep=25.0pt
* \topskip=10.0pt
* \footskip=30.0pt
* \marginparwidth=65.0pt
* \marginparsep=11.0pt
* \columnsep=10.0pt
* \skip\footins=9.0pt plus 4.0pt minus 2.0pt
* \hoffset=0.0pt
* \voffset=0.0pt
* \mag=1000
* \@twocolumnfalse
* \@twosidefalse
* \@mparswitchfalse
* \@reversemarginfalse
* (1in=72.27pt=25.4mm, 1cm=28.453pt)

[1

{C:/Documents and Settings/Ryan/Local Settings/Application Data/MiKTeX/2.8/pdft
ex/config/pdftex.map}]
(C:\cygwin\home\Ryan\mcfgcky2_repos\dds\mgcky-swi\tree_display\simple.aux) ) 
Here is how much of TeX's memory you used:
 9877 strings out of 495285
 193747 string characters out of 3180292
 228753 words of memory out of 3000000
 12910 multiletter control sequences out of 15000+200000
 3640 words of font info for 14 fonts, out of 3000000 for 9000
 14 hyphenation exceptions out of 8191
 56i,9n,55p,489b,683s stack positions out of 5000i,500n,10000p,200000b,50000s
<C:
/Program Files/MiKTeX 2.8/fonts/type1/public/amsfonts/cm/cmr10.pfb><C:/Program 
Files/MiKTeX 2.8/fonts/type1/public/amsfonts/cm/cmr5.pfb>
Output written on simple.pdf (1 page, 19378 bytes).
PDF statistics:
 17 PDF objects out of 1000 (max. 8388607)
 0 named destinations out of 1000 (max. 500000)
 13 words of extra memory for PDF output out of 10000 (max. 10000000)

